<?xml version="1.0" encoding="UTF-8"?>
<testng-results ignored="0" total="18" passed="18" failed="0" skipped="0">
  <reporter-output>
  </reporter-output>
  <suite started-at="2021-05-31T16:08:55 IST" name="Haud" finished-at="2021-05-31T16:11:20 IST" duration-ms="144856">
    <groups>
    </groups>
    <test started-at="2021-05-31T16:08:55 IST" name="Desktop" finished-at="2021-05-31T16:11:20 IST" duration-ms="144856">
      <class name="com.haud.qa.exercise.SeleniumTest.Desktop.DTHaudHeaderNavigationTest">
        <test-method is-config="true" signature="setup()[pri:0, instance:com.haud.qa.exercise.SeleniumTest.Desktop.DTHaudHeaderNavigationTest@38c5cc4c]" started-at="2021-05-31T16:08:55 IST" name="setup" finished-at="2021-05-31T16:09:03 IST" duration-ms="7663" status="PASS">
          <reporter-output>
          </reporter-output>
        </test-method> <!-- setup -->
        <test-method signature="test_LogoClick()[pri:1, instance:com.haud.qa.exercise.SeleniumTest.Desktop.DTHaudHeaderNavigationTest@38c5cc4c]" started-at="2021-05-31T16:09:03 IST" name="test_LogoClick" finished-at="2021-05-31T16:09:04 IST" duration-ms="1583" status="PASS">
          <reporter-output>
          </reporter-output>
        </test-method> <!-- test_LogoClick -->
        <test-method is-config="true" signature="teardown()[pri:0, instance:com.haud.qa.exercise.SeleniumTest.Desktop.DTHaudHeaderNavigationTest@38c5cc4c]" started-at="2021-05-31T16:09:04 IST" name="teardown" finished-at="2021-05-31T16:09:04 IST" duration-ms="155" status="PASS">
          <reporter-output>
          </reporter-output>
        </test-method> <!-- teardown -->
        <test-method is-config="true" signature="setup()[pri:0, instance:com.haud.qa.exercise.SeleniumTest.Desktop.DTHaudHeaderNavigationTest@38c5cc4c]" started-at="2021-05-31T16:09:04 IST" name="setup" finished-at="2021-05-31T16:09:11 IST" duration-ms="6849" status="PASS">
          <reporter-output>
          </reporter-output>
        </test-method> <!-- setup -->
        <test-method signature="test_HomeLink()[pri:2, instance:com.haud.qa.exercise.SeleniumTest.Desktop.DTHaudHeaderNavigationTest@38c5cc4c]" started-at="2021-05-31T16:09:11 IST" name="test_HomeLink" finished-at="2021-05-31T16:09:13 IST" duration-ms="1353" status="PASS">
          <reporter-output>
          </reporter-output>
        </test-method> <!-- test_HomeLink -->
        <test-method is-config="true" signature="teardown()[pri:0, instance:com.haud.qa.exercise.SeleniumTest.Desktop.DTHaudHeaderNavigationTest@38c5cc4c]" started-at="2021-05-31T16:09:13 IST" name="teardown" finished-at="2021-05-31T16:09:13 IST" duration-ms="117" status="PASS">
          <reporter-output>
          </reporter-output>
        </test-method> <!-- teardown -->
        <test-method is-config="true" signature="setup()[pri:0, instance:com.haud.qa.exercise.SeleniumTest.Desktop.DTHaudHeaderNavigationTest@38c5cc4c]" started-at="2021-05-31T16:09:13 IST" name="setup" finished-at="2021-05-31T16:09:18 IST" duration-ms="5790" status="PASS">
          <reporter-output>
          </reporter-output>
        </test-method> <!-- setup -->
        <test-method signature="test_KnowledgeCenterLink()[pri:3, instance:com.haud.qa.exercise.SeleniumTest.Desktop.DTHaudHeaderNavigationTest@38c5cc4c]" started-at="2021-05-31T16:09:18 IST" name="test_KnowledgeCenterLink" finished-at="2021-05-31T16:09:20 IST" duration-ms="1424" status="PASS">
          <reporter-output>
          </reporter-output>
        </test-method> <!-- test_KnowledgeCenterLink -->
        <test-method is-config="true" signature="teardown()[pri:0, instance:com.haud.qa.exercise.SeleniumTest.Desktop.DTHaudHeaderNavigationTest@38c5cc4c]" started-at="2021-05-31T16:09:20 IST" name="teardown" finished-at="2021-05-31T16:09:20 IST" duration-ms="121" status="PASS">
          <reporter-output>
          </reporter-output>
        </test-method> <!-- teardown -->
        <test-method is-config="true" signature="setup()[pri:0, instance:com.haud.qa.exercise.SeleniumTest.Desktop.DTHaudHeaderNavigationTest@38c5cc4c]" started-at="2021-05-31T16:09:20 IST" name="setup" finished-at="2021-05-31T16:09:26 IST" duration-ms="6088" status="PASS">
          <reporter-output>
          </reporter-output>
        </test-method> <!-- setup -->
        <test-method signature="test_TrendingTopicsLink()[pri:4, instance:com.haud.qa.exercise.SeleniumTest.Desktop.DTHaudHeaderNavigationTest@38c5cc4c]" started-at="2021-05-31T16:09:26 IST" name="test_TrendingTopicsLink" finished-at="2021-05-31T16:09:28 IST" duration-ms="1440" status="PASS">
          <reporter-output>
          </reporter-output>
        </test-method> <!-- test_TrendingTopicsLink -->
        <test-method is-config="true" signature="teardown()[pri:0, instance:com.haud.qa.exercise.SeleniumTest.Desktop.DTHaudHeaderNavigationTest@38c5cc4c]" started-at="2021-05-31T16:09:28 IST" name="teardown" finished-at="2021-05-31T16:09:28 IST" duration-ms="138" status="PASS">
          <reporter-output>
          </reporter-output>
        </test-method> <!-- teardown -->
        <test-method is-config="true" signature="setup()[pri:0, instance:com.haud.qa.exercise.SeleniumTest.Desktop.DTHaudHeaderNavigationTest@38c5cc4c]" started-at="2021-05-31T16:09:28 IST" name="setup" finished-at="2021-05-31T16:09:35 IST" duration-ms="7032" status="PASS">
          <reporter-output>
          </reporter-output>
        </test-method> <!-- setup -->
        <test-method signature="test_ContactLink()[pri:5, instance:com.haud.qa.exercise.SeleniumTest.Desktop.DTHaudHeaderNavigationTest@38c5cc4c]" started-at="2021-05-31T16:09:35 IST" name="test_ContactLink" finished-at="2021-05-31T16:09:36 IST" duration-ms="1337" status="PASS">
          <reporter-output>
          </reporter-output>
        </test-method> <!-- test_ContactLink -->
        <test-method is-config="true" signature="teardown()[pri:0, instance:com.haud.qa.exercise.SeleniumTest.Desktop.DTHaudHeaderNavigationTest@38c5cc4c]" started-at="2021-05-31T16:09:36 IST" name="teardown" finished-at="2021-05-31T16:09:36 IST" duration-ms="108" status="PASS">
          <reporter-output>
          </reporter-output>
        </test-method> <!-- teardown -->
        <test-method is-config="true" signature="setup()[pri:0, instance:com.haud.qa.exercise.SeleniumTest.Desktop.DTHaudHeaderNavigationTest@38c5cc4c]" started-at="2021-05-31T16:09:36 IST" name="setup" finished-at="2021-05-31T16:09:42 IST" duration-ms="5891" status="PASS">
          <reporter-output>
          </reporter-output>
        </test-method> <!-- setup -->
        <test-method signature="test_HaudSolutionsLink()[pri:6, instance:com.haud.qa.exercise.SeleniumTest.Desktop.DTHaudHeaderNavigationTest@38c5cc4c]" started-at="2021-05-31T16:09:42 IST" name="test_HaudSolutionsLink" finished-at="2021-05-31T16:09:44 IST" duration-ms="1463" status="PASS">
          <reporter-output>
          </reporter-output>
        </test-method> <!-- test_HaudSolutionsLink -->
        <test-method is-config="true" signature="teardown()[pri:0, instance:com.haud.qa.exercise.SeleniumTest.Desktop.DTHaudHeaderNavigationTest@38c5cc4c]" started-at="2021-05-31T16:09:44 IST" name="teardown" finished-at="2021-05-31T16:09:44 IST" duration-ms="158" status="PASS">
          <reporter-output>
          </reporter-output>
        </test-method> <!-- teardown -->
        <test-method is-config="true" signature="setup()[pri:0, instance:com.haud.qa.exercise.SeleniumTest.Desktop.DTHaudHeaderNavigationTest@38c5cc4c]" started-at="2021-05-31T16:09:44 IST" name="setup" finished-at="2021-05-31T16:09:49 IST" duration-ms="5821" status="PASS">
          <reporter-output>
          </reporter-output>
        </test-method> <!-- setup -->
        <test-method signature="test_HaudSolutionsDropDown()[pri:7, instance:com.haud.qa.exercise.SeleniumTest.Desktop.DTHaudHeaderNavigationTest@38c5cc4c]" started-at="2021-05-31T16:09:49 IST" name="test_HaudSolutionsDropDown" finished-at="2021-05-31T16:09:50 IST" duration-ms="295" status="PASS">
          <reporter-output>
          </reporter-output>
        </test-method> <!-- test_HaudSolutionsDropDown -->
        <test-method is-config="true" signature="teardown()[pri:0, instance:com.haud.qa.exercise.SeleniumTest.Desktop.DTHaudHeaderNavigationTest@38c5cc4c]" started-at="2021-05-31T16:09:50 IST" name="teardown" finished-at="2021-05-31T16:09:50 IST" duration-ms="108" status="PASS">
          <reporter-output>
          </reporter-output>
        </test-method> <!-- teardown -->
        <test-method is-config="true" signature="setup()[pri:0, instance:com.haud.qa.exercise.SeleniumTest.Desktop.DTHaudHeaderNavigationTest@38c5cc4c]" started-at="2021-05-31T16:09:50 IST" name="setup" finished-at="2021-05-31T16:09:56 IST" duration-ms="6475" status="PASS">
          <reporter-output>
          </reporter-output>
        </test-method> <!-- setup -->
        <test-method signature="test_AboutUsMenu()[pri:8, instance:com.haud.qa.exercise.SeleniumTest.Desktop.DTHaudHeaderNavigationTest@38c5cc4c]" started-at="2021-05-31T16:09:56 IST" name="test_AboutUsMenu" finished-at="2021-05-31T16:09:57 IST" duration-ms="249" status="PASS">
          <reporter-output>
          </reporter-output>
        </test-method> <!-- test_AboutUsMenu -->
        <test-method is-config="true" signature="teardown()[pri:0, instance:com.haud.qa.exercise.SeleniumTest.Desktop.DTHaudHeaderNavigationTest@38c5cc4c]" started-at="2021-05-31T16:09:57 IST" name="teardown" finished-at="2021-05-31T16:09:57 IST" duration-ms="157" status="PASS">
          <reporter-output>
          </reporter-output>
        </test-method> <!-- teardown -->
        <test-method is-config="true" signature="setup()[pri:0, instance:com.haud.qa.exercise.SeleniumTest.Desktop.DTHaudHeaderNavigationTest@38c5cc4c]" started-at="2021-05-31T16:09:57 IST" name="setup" finished-at="2021-05-31T16:10:03 IST" duration-ms="5939" status="PASS">
          <reporter-output>
          </reporter-output>
        </test-method> <!-- setup -->
        <test-method signature="test_SmartXchangeLink()[pri:9, instance:com.haud.qa.exercise.SeleniumTest.Desktop.DTHaudHeaderNavigationTest@38c5cc4c]" started-at="2021-05-31T16:10:03 IST" name="test_SmartXchangeLink" finished-at="2021-05-31T16:10:05 IST" duration-ms="2090" status="PASS">
          <reporter-output>
          </reporter-output>
        </test-method> <!-- test_SmartXchangeLink -->
        <test-method is-config="true" signature="teardown()[pri:0, instance:com.haud.qa.exercise.SeleniumTest.Desktop.DTHaudHeaderNavigationTest@38c5cc4c]" started-at="2021-05-31T16:10:05 IST" name="teardown" finished-at="2021-05-31T16:10:05 IST" duration-ms="140" status="PASS">
          <reporter-output>
          </reporter-output>
        </test-method> <!-- teardown -->
        <test-method is-config="true" signature="setup()[pri:0, instance:com.haud.qa.exercise.SeleniumTest.Desktop.DTHaudHeaderNavigationTest@38c5cc4c]" started-at="2021-05-31T16:10:05 IST" name="setup" finished-at="2021-05-31T16:10:11 IST" duration-ms="6018" status="PASS">
          <reporter-output>
          </reporter-output>
        </test-method> <!-- setup -->
        <test-method signature="test_SmartNForceLink()[pri:10, instance:com.haud.qa.exercise.SeleniumTest.Desktop.DTHaudHeaderNavigationTest@38c5cc4c]" started-at="2021-05-31T16:10:11 IST" name="test_SmartNForceLink" finished-at="2021-05-31T16:10:13 IST" duration-ms="2283" status="PASS">
          <reporter-output>
          </reporter-output>
        </test-method> <!-- test_SmartNForceLink -->
        <test-method is-config="true" signature="teardown()[pri:0, instance:com.haud.qa.exercise.SeleniumTest.Desktop.DTHaudHeaderNavigationTest@38c5cc4c]" started-at="2021-05-31T16:10:13 IST" name="teardown" finished-at="2021-05-31T16:10:13 IST" duration-ms="135" status="PASS">
          <reporter-output>
          </reporter-output>
        </test-method> <!-- teardown -->
        <test-method is-config="true" signature="setup()[pri:0, instance:com.haud.qa.exercise.SeleniumTest.Desktop.DTHaudHeaderNavigationTest@38c5cc4c]" started-at="2021-05-31T16:10:13 IST" name="setup" finished-at="2021-05-31T16:10:20 IST" duration-ms="6440" status="PASS">
          <reporter-output>
          </reporter-output>
        </test-method> <!-- setup -->
        <test-method signature="test_SmartChargeLink()[pri:11, instance:com.haud.qa.exercise.SeleniumTest.Desktop.DTHaudHeaderNavigationTest@38c5cc4c]" started-at="2021-05-31T16:10:20 IST" name="test_SmartChargeLink" finished-at="2021-05-31T16:10:22 IST" duration-ms="1849" status="PASS">
          <reporter-output>
          </reporter-output>
        </test-method> <!-- test_SmartChargeLink -->
        <test-method is-config="true" signature="teardown()[pri:0, instance:com.haud.qa.exercise.SeleniumTest.Desktop.DTHaudHeaderNavigationTest@38c5cc4c]" started-at="2021-05-31T16:10:22 IST" name="teardown" finished-at="2021-05-31T16:10:22 IST" duration-ms="134" status="PASS">
          <reporter-output>
          </reporter-output>
        </test-method> <!-- teardown -->
        <test-method is-config="true" signature="setup()[pri:0, instance:com.haud.qa.exercise.SeleniumTest.Desktop.DTHaudHeaderNavigationTest@38c5cc4c]" started-at="2021-05-31T16:10:22 IST" name="setup" finished-at="2021-05-31T16:10:29 IST" duration-ms="7678" status="PASS">
          <reporter-output>
          </reporter-output>
        </test-method> <!-- setup -->
        <test-method signature="test_SmartEnabledLink()[pri:12, instance:com.haud.qa.exercise.SeleniumTest.Desktop.DTHaudHeaderNavigationTest@38c5cc4c]" started-at="2021-05-31T16:10:29 IST" name="test_SmartEnabledLink" finished-at="2021-05-31T16:10:31 IST" duration-ms="1807" status="PASS">
          <reporter-output>
          </reporter-output>
        </test-method> <!-- test_SmartEnabledLink -->
        <test-method is-config="true" signature="teardown()[pri:0, instance:com.haud.qa.exercise.SeleniumTest.Desktop.DTHaudHeaderNavigationTest@38c5cc4c]" started-at="2021-05-31T16:10:31 IST" name="teardown" finished-at="2021-05-31T16:10:31 IST" duration-ms="132" status="PASS">
          <reporter-output>
          </reporter-output>
        </test-method> <!-- teardown -->
        <test-method is-config="true" signature="setup()[pri:0, instance:com.haud.qa.exercise.SeleniumTest.Desktop.DTHaudHeaderNavigationTest@38c5cc4c]" started-at="2021-05-31T16:10:31 IST" name="setup" finished-at="2021-05-31T16:10:38 IST" duration-ms="6483" status="PASS">
          <reporter-output>
          </reporter-output>
        </test-method> <!-- setup -->
        <test-method signature="test_SmartNvisionLink()[pri:13, instance:com.haud.qa.exercise.SeleniumTest.Desktop.DTHaudHeaderNavigationTest@38c5cc4c]" started-at="2021-05-31T16:10:38 IST" name="test_SmartNvisionLink" finished-at="2021-05-31T16:10:40 IST" duration-ms="1883" status="PASS">
          <reporter-output>
          </reporter-output>
        </test-method> <!-- test_SmartNvisionLink -->
        <test-method is-config="true" signature="teardown()[pri:0, instance:com.haud.qa.exercise.SeleniumTest.Desktop.DTHaudHeaderNavigationTest@38c5cc4c]" started-at="2021-05-31T16:10:40 IST" name="teardown" finished-at="2021-05-31T16:10:40 IST" duration-ms="134" status="PASS">
          <reporter-output>
          </reporter-output>
        </test-method> <!-- teardown -->
        <test-method is-config="true" signature="setup()[pri:0, instance:com.haud.qa.exercise.SeleniumTest.Desktop.DTHaudHeaderNavigationTest@38c5cc4c]" started-at="2021-05-31T16:10:40 IST" name="setup" finished-at="2021-05-31T16:10:46 IST" duration-ms="6398" status="PASS">
          <reporter-output>
          </reporter-output>
        </test-method> <!-- setup -->
        <test-method signature="test_SmartBidLink()[pri:14, instance:com.haud.qa.exercise.SeleniumTest.Desktop.DTHaudHeaderNavigationTest@38c5cc4c]" started-at="2021-05-31T16:10:46 IST" name="test_SmartBidLink" finished-at="2021-05-31T16:10:48 IST" duration-ms="1728" status="PASS">
          <reporter-output>
          </reporter-output>
        </test-method> <!-- test_SmartBidLink -->
        <test-method is-config="true" signature="teardown()[pri:0, instance:com.haud.qa.exercise.SeleniumTest.Desktop.DTHaudHeaderNavigationTest@38c5cc4c]" started-at="2021-05-31T16:10:48 IST" name="teardown" finished-at="2021-05-31T16:10:48 IST" duration-ms="122" status="PASS">
          <reporter-output>
          </reporter-output>
        </test-method> <!-- teardown -->
        <test-method is-config="true" signature="setup()[pri:0, instance:com.haud.qa.exercise.SeleniumTest.Desktop.DTHaudHeaderNavigationTest@38c5cc4c]" started-at="2021-05-31T16:10:48 IST" name="setup" finished-at="2021-05-31T16:10:55 IST" duration-ms="6629" status="PASS">
          <reporter-output>
          </reporter-output>
        </test-method> <!-- setup -->
        <test-method signature="test_AboutHaudLink()[pri:15, instance:com.haud.qa.exercise.SeleniumTest.Desktop.DTHaudHeaderNavigationTest@38c5cc4c]" started-at="2021-05-31T16:10:55 IST" name="test_AboutHaudLink" finished-at="2021-05-31T16:10:56 IST" duration-ms="1673" status="PASS">
          <reporter-output>
          </reporter-output>
        </test-method> <!-- test_AboutHaudLink -->
        <test-method is-config="true" signature="teardown()[pri:0, instance:com.haud.qa.exercise.SeleniumTest.Desktop.DTHaudHeaderNavigationTest@38c5cc4c]" started-at="2021-05-31T16:10:56 IST" name="teardown" finished-at="2021-05-31T16:10:57 IST" duration-ms="181" status="PASS">
          <reporter-output>
          </reporter-output>
        </test-method> <!-- teardown -->
        <test-method is-config="true" signature="setup()[pri:0, instance:com.haud.qa.exercise.SeleniumTest.Desktop.DTHaudHeaderNavigationTest@38c5cc4c]" started-at="2021-05-31T16:10:57 IST" name="setup" finished-at="2021-05-31T16:11:03 IST" duration-ms="6264" status="PASS">
          <reporter-output>
          </reporter-output>
        </test-method> <!-- setup -->
        <test-method signature="test_CompanyLink()[pri:16, instance:com.haud.qa.exercise.SeleniumTest.Desktop.DTHaudHeaderNavigationTest@38c5cc4c]" started-at="2021-05-31T16:11:03 IST" name="test_CompanyLink" finished-at="2021-05-31T16:11:05 IST" duration-ms="1876" status="PASS">
          <reporter-output>
          </reporter-output>
        </test-method> <!-- test_CompanyLink -->
        <test-method is-config="true" signature="teardown()[pri:0, instance:com.haud.qa.exercise.SeleniumTest.Desktop.DTHaudHeaderNavigationTest@38c5cc4c]" started-at="2021-05-31T16:11:05 IST" name="teardown" finished-at="2021-05-31T16:11:05 IST" duration-ms="136" status="PASS">
          <reporter-output>
          </reporter-output>
        </test-method> <!-- teardown -->
        <test-method is-config="true" signature="setup()[pri:0, instance:com.haud.qa.exercise.SeleniumTest.Desktop.DTHaudHeaderNavigationTest@38c5cc4c]" started-at="2021-05-31T16:11:05 IST" name="setup" finished-at="2021-05-31T16:11:11 IST" duration-ms="6143" status="PASS">
          <reporter-output>
          </reporter-output>
        </test-method> <!-- setup -->
        <test-method signature="test_MeetTeamLink()[pri:17, instance:com.haud.qa.exercise.SeleniumTest.Desktop.DTHaudHeaderNavigationTest@38c5cc4c]" started-at="2021-05-31T16:11:11 IST" name="test_MeetTeamLink" finished-at="2021-05-31T16:11:13 IST" duration-ms="1965" status="PASS">
          <reporter-output>
          </reporter-output>
        </test-method> <!-- test_MeetTeamLink -->
        <test-method is-config="true" signature="teardown()[pri:0, instance:com.haud.qa.exercise.SeleniumTest.Desktop.DTHaudHeaderNavigationTest@38c5cc4c]" started-at="2021-05-31T16:11:13 IST" name="teardown" finished-at="2021-05-31T16:11:13 IST" duration-ms="143" status="PASS">
          <reporter-output>
          </reporter-output>
        </test-method> <!-- teardown -->
        <test-method is-config="true" signature="setup()[pri:0, instance:com.haud.qa.exercise.SeleniumTest.Desktop.DTHaudHeaderNavigationTest@38c5cc4c]" started-at="2021-05-31T16:11:13 IST" name="setup" finished-at="2021-05-31T16:11:17 IST" duration-ms="3972" status="PASS">
          <reporter-output>
          </reporter-output>
        </test-method> <!-- setup -->
        <test-method signature="test_CareersLink()[pri:18, instance:com.haud.qa.exercise.SeleniumTest.Desktop.DTHaudHeaderNavigationTest@38c5cc4c]" started-at="2021-05-31T16:11:17 IST" name="test_CareersLink" finished-at="2021-05-31T16:11:20 IST" duration-ms="2494" status="PASS">
          <reporter-output>
          </reporter-output>
        </test-method> <!-- test_CareersLink -->
        <test-method is-config="true" signature="teardown()[pri:0, instance:com.haud.qa.exercise.SeleniumTest.Desktop.DTHaudHeaderNavigationTest@38c5cc4c]" started-at="2021-05-31T16:11:20 IST" name="teardown" finished-at="2021-05-31T16:11:20 IST" duration-ms="133" status="PASS">
          <reporter-output>
          </reporter-output>
        </test-method> <!-- teardown -->
      </class> <!-- com.haud.qa.exercise.SeleniumTest.Desktop.DTHaudHeaderNavigationTest -->
    </test> <!-- Desktop -->
  </suite> <!-- Haud -->
</testng-results>
