<?xml version="1.0" encoding="UTF-8"?>
<testng-results ignored="0" total="17" passed="17" failed="0" skipped="0">
  <reporter-output>
  </reporter-output>
  <suite started-at="2021-05-31T13:27:50 IST" name="Haud" finished-at="2021-05-31T13:30:03 IST" duration-ms="133417">
    <groups>
    </groups>
    <test started-at="2021-05-31T13:27:50 IST" name="Desktop" finished-at="2021-05-31T13:30:03 IST" duration-ms="133417">
      <class name="com.haud.qa.exercise.SeleniumTest.Desktop.DTHaudHeaderNavigationTest">
        <test-method is-config="true" signature="setup()[pri:0, instance:com.haud.qa.exercise.SeleniumTest.Desktop.DTHaudHeaderNavigationTest@223f3642]" started-at="2021-05-31T13:27:50 IST" name="setup" finished-at="2021-05-31T13:27:58 IST" duration-ms="7619" status="PASS">
          <reporter-output>
          </reporter-output>
        </test-method> <!-- setup -->
        <test-method signature="test_LogoClick()[pri:1, instance:com.haud.qa.exercise.SeleniumTest.Desktop.DTHaudHeaderNavigationTest@223f3642]" started-at="2021-05-31T13:27:58 IST" name="test_LogoClick" finished-at="2021-05-31T13:27:59 IST" duration-ms="1624" status="PASS">
          <reporter-output>
          </reporter-output>
        </test-method> <!-- test_LogoClick -->
        <test-method is-config="true" signature="teardown()[pri:0, instance:com.haud.qa.exercise.SeleniumTest.Desktop.DTHaudHeaderNavigationTest@223f3642]" started-at="2021-05-31T13:27:59 IST" name="teardown" finished-at="2021-05-31T13:27:59 IST" duration-ms="133" status="PASS">
          <reporter-output>
          </reporter-output>
        </test-method> <!-- teardown -->
        <test-method is-config="true" signature="setup()[pri:0, instance:com.haud.qa.exercise.SeleniumTest.Desktop.DTHaudHeaderNavigationTest@223f3642]" started-at="2021-05-31T13:27:59 IST" name="setup" finished-at="2021-05-31T13:28:06 IST" duration-ms="6728" status="PASS">
          <reporter-output>
          </reporter-output>
        </test-method> <!-- setup -->
        <test-method signature="test_HomeLink()[pri:2, instance:com.haud.qa.exercise.SeleniumTest.Desktop.DTHaudHeaderNavigationTest@223f3642]" started-at="2021-05-31T13:28:06 IST" name="test_HomeLink" finished-at="2021-05-31T13:28:08 IST" duration-ms="1474" status="PASS">
          <reporter-output>
          </reporter-output>
        </test-method> <!-- test_HomeLink -->
        <test-method is-config="true" signature="teardown()[pri:0, instance:com.haud.qa.exercise.SeleniumTest.Desktop.DTHaudHeaderNavigationTest@223f3642]" started-at="2021-05-31T13:28:08 IST" name="teardown" finished-at="2021-05-31T13:28:08 IST" duration-ms="135" status="PASS">
          <reporter-output>
          </reporter-output>
        </test-method> <!-- teardown -->
        <test-method is-config="true" signature="setup()[pri:0, instance:com.haud.qa.exercise.SeleniumTest.Desktop.DTHaudHeaderNavigationTest@223f3642]" started-at="2021-05-31T13:28:08 IST" name="setup" finished-at="2021-05-31T13:28:14 IST" duration-ms="6576" status="PASS">
          <reporter-output>
          </reporter-output>
        </test-method> <!-- setup -->
        <test-method signature="test_KnowledgeCenterLink()[pri:3, instance:com.haud.qa.exercise.SeleniumTest.Desktop.DTHaudHeaderNavigationTest@223f3642]" started-at="2021-05-31T13:28:14 IST" name="test_KnowledgeCenterLink" finished-at="2021-05-31T13:28:16 IST" duration-ms="1695" status="PASS">
          <reporter-output>
          </reporter-output>
        </test-method> <!-- test_KnowledgeCenterLink -->
        <test-method is-config="true" signature="teardown()[pri:0, instance:com.haud.qa.exercise.SeleniumTest.Desktop.DTHaudHeaderNavigationTest@223f3642]" started-at="2021-05-31T13:28:16 IST" name="teardown" finished-at="2021-05-31T13:28:16 IST" duration-ms="138" status="PASS">
          <reporter-output>
          </reporter-output>
        </test-method> <!-- teardown -->
        <test-method is-config="true" signature="setup()[pri:0, instance:com.haud.qa.exercise.SeleniumTest.Desktop.DTHaudHeaderNavigationTest@223f3642]" started-at="2021-05-31T13:28:16 IST" name="setup" finished-at="2021-05-31T13:28:23 IST" duration-ms="6578" status="PASS">
          <reporter-output>
          </reporter-output>
        </test-method> <!-- setup -->
        <test-method signature="test_TrendingTopicsLink()[pri:4, instance:com.haud.qa.exercise.SeleniumTest.Desktop.DTHaudHeaderNavigationTest@223f3642]" started-at="2021-05-31T13:28:23 IST" name="test_TrendingTopicsLink" finished-at="2021-05-31T13:28:25 IST" duration-ms="1890" status="PASS">
          <reporter-output>
          </reporter-output>
        </test-method> <!-- test_TrendingTopicsLink -->
        <test-method is-config="true" signature="teardown()[pri:0, instance:com.haud.qa.exercise.SeleniumTest.Desktop.DTHaudHeaderNavigationTest@223f3642]" started-at="2021-05-31T13:28:25 IST" name="teardown" finished-at="2021-05-31T13:28:25 IST" duration-ms="156" status="PASS">
          <reporter-output>
          </reporter-output>
        </test-method> <!-- teardown -->
        <test-method is-config="true" signature="setup()[pri:0, instance:com.haud.qa.exercise.SeleniumTest.Desktop.DTHaudHeaderNavigationTest@223f3642]" started-at="2021-05-31T13:28:25 IST" name="setup" finished-at="2021-05-31T13:28:31 IST" duration-ms="6030" status="PASS">
          <reporter-output>
          </reporter-output>
        </test-method> <!-- setup -->
        <test-method signature="test_ContactLink()[pri:5, instance:com.haud.qa.exercise.SeleniumTest.Desktop.DTHaudHeaderNavigationTest@223f3642]" started-at="2021-05-31T13:28:31 IST" name="test_ContactLink" finished-at="2021-05-31T13:28:32 IST" duration-ms="1422" status="PASS">
          <reporter-output>
          </reporter-output>
        </test-method> <!-- test_ContactLink -->
        <test-method is-config="true" signature="teardown()[pri:0, instance:com.haud.qa.exercise.SeleniumTest.Desktop.DTHaudHeaderNavigationTest@223f3642]" started-at="2021-05-31T13:28:32 IST" name="teardown" finished-at="2021-05-31T13:28:32 IST" duration-ms="141" status="PASS">
          <reporter-output>
          </reporter-output>
        </test-method> <!-- teardown -->
        <test-method is-config="true" signature="setup()[pri:0, instance:com.haud.qa.exercise.SeleniumTest.Desktop.DTHaudHeaderNavigationTest@223f3642]" started-at="2021-05-31T13:28:32 IST" name="setup" finished-at="2021-05-31T13:28:38 IST" duration-ms="5693" status="PASS">
          <reporter-output>
          </reporter-output>
        </test-method> <!-- setup -->
        <test-method signature="test_HaudSolutionsLink()[pri:6, instance:com.haud.qa.exercise.SeleniumTest.Desktop.DTHaudHeaderNavigationTest@223f3642]" started-at="2021-05-31T13:28:38 IST" name="test_HaudSolutionsLink" finished-at="2021-05-31T13:28:40 IST" duration-ms="2075" status="PASS">
          <reporter-output>
          </reporter-output>
        </test-method> <!-- test_HaudSolutionsLink -->
        <test-method is-config="true" signature="teardown()[pri:0, instance:com.haud.qa.exercise.SeleniumTest.Desktop.DTHaudHeaderNavigationTest@223f3642]" started-at="2021-05-31T13:28:40 IST" name="teardown" finished-at="2021-05-31T13:28:40 IST" duration-ms="124" status="PASS">
          <reporter-output>
          </reporter-output>
        </test-method> <!-- teardown -->
        <test-method is-config="true" signature="setup()[pri:0, instance:com.haud.qa.exercise.SeleniumTest.Desktop.DTHaudHeaderNavigationTest@223f3642]" started-at="2021-05-31T13:28:40 IST" name="setup" finished-at="2021-05-31T13:28:46 IST" duration-ms="6249" status="PASS">
          <reporter-output>
          </reporter-output>
        </test-method> <!-- setup -->
        <test-method signature="test_SmartXchangeLink()[pri:7, instance:com.haud.qa.exercise.SeleniumTest.Desktop.DTHaudHeaderNavigationTest@223f3642]" started-at="2021-05-31T13:28:46 IST" name="test_SmartXchangeLink" finished-at="2021-05-31T13:28:49 IST" duration-ms="2085" status="PASS">
          <reporter-output>
          </reporter-output>
        </test-method> <!-- test_SmartXchangeLink -->
        <test-method is-config="true" signature="teardown()[pri:0, instance:com.haud.qa.exercise.SeleniumTest.Desktop.DTHaudHeaderNavigationTest@223f3642]" started-at="2021-05-31T13:28:49 IST" name="teardown" finished-at="2021-05-31T13:28:49 IST" duration-ms="142" status="PASS">
          <reporter-output>
          </reporter-output>
        </test-method> <!-- teardown -->
        <test-method is-config="true" signature="setup()[pri:0, instance:com.haud.qa.exercise.SeleniumTest.Desktop.DTHaudHeaderNavigationTest@223f3642]" started-at="2021-05-31T13:28:49 IST" name="setup" finished-at="2021-05-31T13:28:53 IST" duration-ms="4351" status="PASS">
          <reporter-output>
          </reporter-output>
        </test-method> <!-- setup -->
        <test-method signature="test_SmartNForceLink()[pri:8, instance:com.haud.qa.exercise.SeleniumTest.Desktop.DTHaudHeaderNavigationTest@223f3642]" started-at="2021-05-31T13:28:53 IST" name="test_SmartNForceLink" finished-at="2021-05-31T13:28:57 IST" duration-ms="3839" status="PASS">
          <reporter-output>
          </reporter-output>
        </test-method> <!-- test_SmartNForceLink -->
        <test-method is-config="true" signature="teardown()[pri:0, instance:com.haud.qa.exercise.SeleniumTest.Desktop.DTHaudHeaderNavigationTest@223f3642]" started-at="2021-05-31T13:28:57 IST" name="teardown" finished-at="2021-05-31T13:28:57 IST" duration-ms="169" status="PASS">
          <reporter-output>
          </reporter-output>
        </test-method> <!-- teardown -->
        <test-method is-config="true" signature="setup()[pri:0, instance:com.haud.qa.exercise.SeleniumTest.Desktop.DTHaudHeaderNavigationTest@223f3642]" started-at="2021-05-31T13:28:57 IST" name="setup" finished-at="2021-05-31T13:29:04 IST" duration-ms="6526" status="PASS">
          <reporter-output>
          </reporter-output>
        </test-method> <!-- setup -->
        <test-method signature="test_SmartChargeLink()[pri:9, instance:com.haud.qa.exercise.SeleniumTest.Desktop.DTHaudHeaderNavigationTest@223f3642]" started-at="2021-05-31T13:29:04 IST" name="test_SmartChargeLink" finished-at="2021-05-31T13:29:05 IST" duration-ms="1471" status="PASS">
          <reporter-output>
          </reporter-output>
        </test-method> <!-- test_SmartChargeLink -->
        <test-method is-config="true" signature="teardown()[pri:0, instance:com.haud.qa.exercise.SeleniumTest.Desktop.DTHaudHeaderNavigationTest@223f3642]" started-at="2021-05-31T13:29:05 IST" name="teardown" finished-at="2021-05-31T13:29:05 IST" duration-ms="139" status="PASS">
          <reporter-output>
          </reporter-output>
        </test-method> <!-- teardown -->
        <test-method is-config="true" signature="setup()[pri:0, instance:com.haud.qa.exercise.SeleniumTest.Desktop.DTHaudHeaderNavigationTest@223f3642]" started-at="2021-05-31T13:29:05 IST" name="setup" finished-at="2021-05-31T13:29:11 IST" duration-ms="6264" status="PASS">
          <reporter-output>
          </reporter-output>
        </test-method> <!-- setup -->
        <test-method signature="test_SmartEnabledLink()[pri:10, instance:com.haud.qa.exercise.SeleniumTest.Desktop.DTHaudHeaderNavigationTest@223f3642]" started-at="2021-05-31T13:29:11 IST" name="test_SmartEnabledLink" finished-at="2021-05-31T13:29:13 IST" duration-ms="1144" status="PASS">
          <reporter-output>
          </reporter-output>
        </test-method> <!-- test_SmartEnabledLink -->
        <test-method is-config="true" signature="teardown()[pri:0, instance:com.haud.qa.exercise.SeleniumTest.Desktop.DTHaudHeaderNavigationTest@223f3642]" started-at="2021-05-31T13:29:13 IST" name="teardown" finished-at="2021-05-31T13:29:13 IST" duration-ms="203" status="PASS">
          <reporter-output>
          </reporter-output>
        </test-method> <!-- teardown -->
        <test-method is-config="true" signature="setup()[pri:0, instance:com.haud.qa.exercise.SeleniumTest.Desktop.DTHaudHeaderNavigationTest@223f3642]" started-at="2021-05-31T13:29:13 IST" name="setup" finished-at="2021-05-31T13:29:19 IST" duration-ms="6044" status="PASS">
          <reporter-output>
          </reporter-output>
        </test-method> <!-- setup -->
        <test-method signature="test_SmartNvisionLink()[pri:11, instance:com.haud.qa.exercise.SeleniumTest.Desktop.DTHaudHeaderNavigationTest@223f3642]" started-at="2021-05-31T13:29:19 IST" name="test_SmartNvisionLink" finished-at="2021-05-31T13:29:21 IST" duration-ms="1760" status="PASS">
          <reporter-output>
          </reporter-output>
        </test-method> <!-- test_SmartNvisionLink -->
        <test-method is-config="true" signature="teardown()[pri:0, instance:com.haud.qa.exercise.SeleniumTest.Desktop.DTHaudHeaderNavigationTest@223f3642]" started-at="2021-05-31T13:29:21 IST" name="teardown" finished-at="2021-05-31T13:29:21 IST" duration-ms="135" status="PASS">
          <reporter-output>
          </reporter-output>
        </test-method> <!-- teardown -->
        <test-method is-config="true" signature="setup()[pri:0, instance:com.haud.qa.exercise.SeleniumTest.Desktop.DTHaudHeaderNavigationTest@223f3642]" started-at="2021-05-31T13:29:21 IST" name="setup" finished-at="2021-05-31T13:29:26 IST" duration-ms="5680" status="PASS">
          <reporter-output>
          </reporter-output>
        </test-method> <!-- setup -->
        <test-method signature="test_SmartBidLink()[pri:12, instance:com.haud.qa.exercise.SeleniumTest.Desktop.DTHaudHeaderNavigationTest@223f3642]" started-at="2021-05-31T13:29:26 IST" name="test_SmartBidLink" finished-at="2021-05-31T13:29:28 IST" duration-ms="1448" status="PASS">
          <reporter-output>
          </reporter-output>
        </test-method> <!-- test_SmartBidLink -->
        <test-method is-config="true" signature="teardown()[pri:0, instance:com.haud.qa.exercise.SeleniumTest.Desktop.DTHaudHeaderNavigationTest@223f3642]" started-at="2021-05-31T13:29:28 IST" name="teardown" finished-at="2021-05-31T13:29:28 IST" duration-ms="148" status="PASS">
          <reporter-output>
          </reporter-output>
        </test-method> <!-- teardown -->
        <test-method is-config="true" signature="setup()[pri:0, instance:com.haud.qa.exercise.SeleniumTest.Desktop.DTHaudHeaderNavigationTest@223f3642]" started-at="2021-05-31T13:29:28 IST" name="setup" finished-at="2021-05-31T13:29:34 IST" duration-ms="5980" status="PASS">
          <reporter-output>
          </reporter-output>
        </test-method> <!-- setup -->
        <test-method signature="test_AboutHaudLink()[pri:13, instance:com.haud.qa.exercise.SeleniumTest.Desktop.DTHaudHeaderNavigationTest@223f3642]" started-at="2021-05-31T13:29:34 IST" name="test_AboutHaudLink" finished-at="2021-05-31T13:29:35 IST" duration-ms="872" status="PASS">
          <reporter-output>
          </reporter-output>
        </test-method> <!-- test_AboutHaudLink -->
        <test-method is-config="true" signature="teardown()[pri:0, instance:com.haud.qa.exercise.SeleniumTest.Desktop.DTHaudHeaderNavigationTest@223f3642]" started-at="2021-05-31T13:29:35 IST" name="teardown" finished-at="2021-05-31T13:29:35 IST" duration-ms="135" status="PASS">
          <reporter-output>
          </reporter-output>
        </test-method> <!-- teardown -->
        <test-method is-config="true" signature="setup()[pri:0, instance:com.haud.qa.exercise.SeleniumTest.Desktop.DTHaudHeaderNavigationTest@223f3642]" started-at="2021-05-31T13:29:35 IST" name="setup" finished-at="2021-05-31T13:29:41 IST" duration-ms="6000" status="PASS">
          <reporter-output>
          </reporter-output>
        </test-method> <!-- setup -->
        <test-method signature="test_AboutUsMenu()[pri:14, instance:com.haud.qa.exercise.SeleniumTest.Desktop.DTHaudHeaderNavigationTest@223f3642]" started-at="2021-05-31T13:29:41 IST" name="test_AboutUsMenu" finished-at="2021-05-31T13:29:41 IST" duration-ms="249" status="PASS">
          <reporter-output>
          </reporter-output>
        </test-method> <!-- test_AboutUsMenu -->
        <test-method is-config="true" signature="teardown()[pri:0, instance:com.haud.qa.exercise.SeleniumTest.Desktop.DTHaudHeaderNavigationTest@223f3642]" started-at="2021-05-31T13:29:41 IST" name="teardown" finished-at="2021-05-31T13:29:41 IST" duration-ms="130" status="PASS">
          <reporter-output>
          </reporter-output>
        </test-method> <!-- teardown -->
        <test-method is-config="true" signature="setup()[pri:0, instance:com.haud.qa.exercise.SeleniumTest.Desktop.DTHaudHeaderNavigationTest@223f3642]" started-at="2021-05-31T13:29:41 IST" name="setup" finished-at="2021-05-31T13:29:47 IST" duration-ms="5665" status="PASS">
          <reporter-output>
          </reporter-output>
        </test-method> <!-- setup -->
        <test-method signature="test_CompanyLink()[pri:15, instance:com.haud.qa.exercise.SeleniumTest.Desktop.DTHaudHeaderNavigationTest@223f3642]" started-at="2021-05-31T13:29:47 IST" name="test_CompanyLink" finished-at="2021-05-31T13:29:49 IST" duration-ms="1830" status="PASS">
          <reporter-output>
          </reporter-output>
        </test-method> <!-- test_CompanyLink -->
        <test-method is-config="true" signature="teardown()[pri:0, instance:com.haud.qa.exercise.SeleniumTest.Desktop.DTHaudHeaderNavigationTest@223f3642]" started-at="2021-05-31T13:29:49 IST" name="teardown" finished-at="2021-05-31T13:29:49 IST" duration-ms="151" status="PASS">
          <reporter-output>
          </reporter-output>
        </test-method> <!-- teardown -->
        <test-method is-config="true" signature="setup()[pri:0, instance:com.haud.qa.exercise.SeleniumTest.Desktop.DTHaudHeaderNavigationTest@223f3642]" started-at="2021-05-31T13:29:49 IST" name="setup" finished-at="2021-05-31T13:29:55 IST" duration-ms="5721" status="PASS">
          <reporter-output>
          </reporter-output>
        </test-method> <!-- setup -->
        <test-method signature="test_MeetTeamLink()[pri:16, instance:com.haud.qa.exercise.SeleniumTest.Desktop.DTHaudHeaderNavigationTest@223f3642]" started-at="2021-05-31T13:29:55 IST" name="test_MeetTeamLink" finished-at="2021-05-31T13:29:57 IST" duration-ms="1871" status="PASS">
          <reporter-output>
          </reporter-output>
        </test-method> <!-- test_MeetTeamLink -->
        <test-method is-config="true" signature="teardown()[pri:0, instance:com.haud.qa.exercise.SeleniumTest.Desktop.DTHaudHeaderNavigationTest@223f3642]" started-at="2021-05-31T13:29:57 IST" name="teardown" finished-at="2021-05-31T13:29:57 IST" duration-ms="136" status="PASS">
          <reporter-output>
          </reporter-output>
        </test-method> <!-- teardown -->
        <test-method is-config="true" signature="setup()[pri:0, instance:com.haud.qa.exercise.SeleniumTest.Desktop.DTHaudHeaderNavigationTest@223f3642]" started-at="2021-05-31T13:29:57 IST" name="setup" finished-at="2021-05-31T13:30:01 IST" duration-ms="3779" status="PASS">
          <reporter-output>
          </reporter-output>
        </test-method> <!-- setup -->
        <test-method signature="test_CareersLink()[pri:17, instance:com.haud.qa.exercise.SeleniumTest.Desktop.DTHaudHeaderNavigationTest@223f3642]" started-at="2021-05-31T13:30:01 IST" name="test_CareersLink" finished-at="2021-05-31T13:30:03 IST" duration-ms="2688" status="PASS">
          <reporter-output>
          </reporter-output>
        </test-method> <!-- test_CareersLink -->
        <test-method is-config="true" signature="teardown()[pri:0, instance:com.haud.qa.exercise.SeleniumTest.Desktop.DTHaudHeaderNavigationTest@223f3642]" started-at="2021-05-31T13:30:03 IST" name="teardown" finished-at="2021-05-31T13:30:03 IST" duration-ms="142" status="PASS">
          <reporter-output>
          </reporter-output>
        </test-method> <!-- teardown -->
      </class> <!-- com.haud.qa.exercise.SeleniumTest.Desktop.DTHaudHeaderNavigationTest -->
    </test> <!-- Desktop -->
  </suite> <!-- Haud -->
</testng-results>
