<?xml version="1.0" encoding="UTF-8"?>
<testng-results ignored="0" total="16" passed="16" failed="0" skipped="0">
  <reporter-output>
  </reporter-output>
  <suite started-at="2021-05-31T16:12:16 IST" name="Haud" finished-at="2021-05-31T16:14:25 IST" duration-ms="128910">
    <groups>
    </groups>
    <test started-at="2021-05-31T16:12:16 IST" name="Mobile" finished-at="2021-05-31T16:14:25 IST" duration-ms="128910">
      <class name="com.haud.qa.exercise.SeleniumTest.Mobile.MWHaudHeaderNavigationTest">
        <test-method is-config="true" signature="setup()[pri:0, instance:com.haud.qa.exercise.SeleniumTest.Mobile.MWHaudHeaderNavigationTest@5db250b4]" started-at="2021-05-31T16:12:16 IST" name="setup" finished-at="2021-05-31T16:12:23 IST" duration-ms="7474" status="PASS">
          <reporter-output>
          </reporter-output>
        </test-method> <!-- setup -->
        <test-method signature="test_LogoClick()[pri:1, instance:com.haud.qa.exercise.SeleniumTest.Mobile.MWHaudHeaderNavigationTest@5db250b4]" started-at="2021-05-31T16:12:23 IST" name="test_LogoClick" finished-at="2021-05-31T16:12:25 IST" duration-ms="1424" status="PASS">
          <reporter-output>
          </reporter-output>
        </test-method> <!-- test_LogoClick -->
        <test-method is-config="true" signature="teardown()[pri:0, instance:com.haud.qa.exercise.SeleniumTest.Mobile.MWHaudHeaderNavigationTest@5db250b4]" started-at="2021-05-31T16:12:25 IST" name="teardown" finished-at="2021-05-31T16:12:25 IST" duration-ms="129" status="PASS">
          <reporter-output>
          </reporter-output>
        </test-method> <!-- teardown -->
        <test-method is-config="true" signature="setup()[pri:0, instance:com.haud.qa.exercise.SeleniumTest.Mobile.MWHaudHeaderNavigationTest@5db250b4]" started-at="2021-05-31T16:12:25 IST" name="setup" finished-at="2021-05-31T16:12:31 IST" duration-ms="6364" status="PASS">
          <reporter-output>
          </reporter-output>
        </test-method> <!-- setup -->
        <test-method signature="test_HomeLink()[pri:2, instance:com.haud.qa.exercise.SeleniumTest.Mobile.MWHaudHeaderNavigationTest@5db250b4]" started-at="2021-05-31T16:12:31 IST" name="test_HomeLink" finished-at="2021-05-31T16:12:31 IST" duration-ms="142" status="PASS">
          <reporter-output>
          </reporter-output>
        </test-method> <!-- test_HomeLink -->
        <test-method is-config="true" signature="teardown()[pri:0, instance:com.haud.qa.exercise.SeleniumTest.Mobile.MWHaudHeaderNavigationTest@5db250b4]" started-at="2021-05-31T16:12:31 IST" name="teardown" finished-at="2021-05-31T16:12:32 IST" duration-ms="127" status="PASS">
          <reporter-output>
          </reporter-output>
        </test-method> <!-- teardown -->
        <test-method is-config="true" signature="setup()[pri:0, instance:com.haud.qa.exercise.SeleniumTest.Mobile.MWHaudHeaderNavigationTest@5db250b4]" started-at="2021-05-31T16:12:32 IST" name="setup" finished-at="2021-05-31T16:12:37 IST" duration-ms="5879" status="PASS">
          <reporter-output>
          </reporter-output>
        </test-method> <!-- setup -->
        <test-method signature="test_KnowledgeCenterLink()[pri:3, instance:com.haud.qa.exercise.SeleniumTest.Mobile.MWHaudHeaderNavigationTest@5db250b4]" started-at="2021-05-31T16:12:37 IST" name="test_KnowledgeCenterLink" finished-at="2021-05-31T16:12:39 IST" duration-ms="1510" status="PASS">
          <reporter-output>
          </reporter-output>
        </test-method> <!-- test_KnowledgeCenterLink -->
        <test-method is-config="true" signature="teardown()[pri:0, instance:com.haud.qa.exercise.SeleniumTest.Mobile.MWHaudHeaderNavigationTest@5db250b4]" started-at="2021-05-31T16:12:39 IST" name="teardown" finished-at="2021-05-31T16:12:39 IST" duration-ms="150" status="PASS">
          <reporter-output>
          </reporter-output>
        </test-method> <!-- teardown -->
        <test-method is-config="true" signature="setup()[pri:0, instance:com.haud.qa.exercise.SeleniumTest.Mobile.MWHaudHeaderNavigationTest@5db250b4]" started-at="2021-05-31T16:12:39 IST" name="setup" finished-at="2021-05-31T16:12:45 IST" duration-ms="6367" status="PASS">
          <reporter-output>
          </reporter-output>
        </test-method> <!-- setup -->
        <test-method signature="test_TrendingTopicsLink()[pri:4, instance:com.haud.qa.exercise.SeleniumTest.Mobile.MWHaudHeaderNavigationTest@5db250b4]" started-at="2021-05-31T16:12:45 IST" name="test_TrendingTopicsLink" finished-at="2021-05-31T16:12:47 IST" duration-ms="1481" status="PASS">
          <reporter-output>
          </reporter-output>
        </test-method> <!-- test_TrendingTopicsLink -->
        <test-method is-config="true" signature="teardown()[pri:0, instance:com.haud.qa.exercise.SeleniumTest.Mobile.MWHaudHeaderNavigationTest@5db250b4]" started-at="2021-05-31T16:12:47 IST" name="teardown" finished-at="2021-05-31T16:12:47 IST" duration-ms="144" status="PASS">
          <reporter-output>
          </reporter-output>
        </test-method> <!-- teardown -->
        <test-method is-config="true" signature="setup()[pri:0, instance:com.haud.qa.exercise.SeleniumTest.Mobile.MWHaudHeaderNavigationTest@5db250b4]" started-at="2021-05-31T16:12:47 IST" name="setup" finished-at="2021-05-31T16:12:53 IST" duration-ms="6254" status="PASS">
          <reporter-output>
          </reporter-output>
        </test-method> <!-- setup -->
        <test-method signature="test_ContactLink()[pri:5, instance:com.haud.qa.exercise.SeleniumTest.Mobile.MWHaudHeaderNavigationTest@5db250b4]" started-at="2021-05-31T16:12:53 IST" name="test_ContactLink" finished-at="2021-05-31T16:12:55 IST" duration-ms="1380" status="PASS">
          <reporter-output>
          </reporter-output>
        </test-method> <!-- test_ContactLink -->
        <test-method is-config="true" signature="teardown()[pri:0, instance:com.haud.qa.exercise.SeleniumTest.Mobile.MWHaudHeaderNavigationTest@5db250b4]" started-at="2021-05-31T16:12:55 IST" name="teardown" finished-at="2021-05-31T16:12:55 IST" duration-ms="121" status="PASS">
          <reporter-output>
          </reporter-output>
        </test-method> <!-- teardown -->
        <test-method is-config="true" signature="setup()[pri:0, instance:com.haud.qa.exercise.SeleniumTest.Mobile.MWHaudHeaderNavigationTest@5db250b4]" started-at="2021-05-31T16:12:55 IST" name="setup" finished-at="2021-05-31T16:13:01 IST" duration-ms="6118" status="PASS">
          <reporter-output>
          </reporter-output>
        </test-method> <!-- setup -->
        <test-method signature="test_HaudSolutionsLink()[pri:6, instance:com.haud.qa.exercise.SeleniumTest.Mobile.MWHaudHeaderNavigationTest@5db250b4]" started-at="2021-05-31T16:13:01 IST" name="test_HaudSolutionsLink" finished-at="2021-05-31T16:13:03 IST" duration-ms="1833" status="PASS">
          <reporter-output>
          </reporter-output>
        </test-method> <!-- test_HaudSolutionsLink -->
        <test-method is-config="true" signature="teardown()[pri:0, instance:com.haud.qa.exercise.SeleniumTest.Mobile.MWHaudHeaderNavigationTest@5db250b4]" started-at="2021-05-31T16:13:03 IST" name="teardown" finished-at="2021-05-31T16:13:03 IST" duration-ms="197" status="PASS">
          <reporter-output>
          </reporter-output>
        </test-method> <!-- teardown -->
        <test-method is-config="true" signature="setup()[pri:0, instance:com.haud.qa.exercise.SeleniumTest.Mobile.MWHaudHeaderNavigationTest@5db250b4]" started-at="2021-05-31T16:13:03 IST" name="setup" finished-at="2021-05-31T16:13:09 IST" duration-ms="6244" status="PASS">
          <reporter-output>
          </reporter-output>
        </test-method> <!-- setup -->
        <test-method signature="test_SmartXchangeLink()[pri:7, instance:com.haud.qa.exercise.SeleniumTest.Mobile.MWHaudHeaderNavigationTest@5db250b4]" started-at="2021-05-31T16:13:09 IST" name="test_SmartXchangeLink" finished-at="2021-05-31T16:13:11 IST" duration-ms="2023" status="PASS">
          <reporter-output>
          </reporter-output>
        </test-method> <!-- test_SmartXchangeLink -->
        <test-method is-config="true" signature="teardown()[pri:0, instance:com.haud.qa.exercise.SeleniumTest.Mobile.MWHaudHeaderNavigationTest@5db250b4]" started-at="2021-05-31T16:13:11 IST" name="teardown" finished-at="2021-05-31T16:13:11 IST" duration-ms="160" status="PASS">
          <reporter-output>
          </reporter-output>
        </test-method> <!-- teardown -->
        <test-method is-config="true" signature="setup()[pri:0, instance:com.haud.qa.exercise.SeleniumTest.Mobile.MWHaudHeaderNavigationTest@5db250b4]" started-at="2021-05-31T16:13:11 IST" name="setup" finished-at="2021-05-31T16:13:15 IST" duration-ms="3646" status="PASS">
          <reporter-output>
          </reporter-output>
        </test-method> <!-- setup -->
        <test-method signature="test_SmartNForceLink()[pri:8, instance:com.haud.qa.exercise.SeleniumTest.Mobile.MWHaudHeaderNavigationTest@5db250b4]" started-at="2021-05-31T16:13:15 IST" name="test_SmartNForceLink" finished-at="2021-05-31T16:13:18 IST" duration-ms="3191" status="PASS">
          <reporter-output>
          </reporter-output>
        </test-method> <!-- test_SmartNForceLink -->
        <test-method is-config="true" signature="teardown()[pri:0, instance:com.haud.qa.exercise.SeleniumTest.Mobile.MWHaudHeaderNavigationTest@5db250b4]" started-at="2021-05-31T16:13:18 IST" name="teardown" finished-at="2021-05-31T16:13:18 IST" duration-ms="140" status="PASS">
          <reporter-output>
          </reporter-output>
        </test-method> <!-- teardown -->
        <test-method is-config="true" signature="setup()[pri:0, instance:com.haud.qa.exercise.SeleniumTest.Mobile.MWHaudHeaderNavigationTest@5db250b4]" started-at="2021-05-31T16:13:18 IST" name="setup" finished-at="2021-05-31T16:13:25 IST" duration-ms="6202" status="PASS">
          <reporter-output>
          </reporter-output>
        </test-method> <!-- setup -->
        <test-method signature="test_SmartChargeLink()[pri:9, instance:com.haud.qa.exercise.SeleniumTest.Mobile.MWHaudHeaderNavigationTest@5db250b4]" started-at="2021-05-31T16:13:25 IST" name="test_SmartChargeLink" finished-at="2021-05-31T16:13:26 IST" duration-ms="1861" status="PASS">
          <reporter-output>
          </reporter-output>
        </test-method> <!-- test_SmartChargeLink -->
        <test-method is-config="true" signature="teardown()[pri:0, instance:com.haud.qa.exercise.SeleniumTest.Mobile.MWHaudHeaderNavigationTest@5db250b4]" started-at="2021-05-31T16:13:26 IST" name="teardown" finished-at="2021-05-31T16:13:27 IST" duration-ms="121" status="PASS">
          <reporter-output>
          </reporter-output>
        </test-method> <!-- teardown -->
        <test-method is-config="true" signature="setup()[pri:0, instance:com.haud.qa.exercise.SeleniumTest.Mobile.MWHaudHeaderNavigationTest@5db250b4]" started-at="2021-05-31T16:13:27 IST" name="setup" finished-at="2021-05-31T16:13:33 IST" duration-ms="6282" status="PASS">
          <reporter-output>
          </reporter-output>
        </test-method> <!-- setup -->
        <test-method signature="test_SmartEnabledLink()[pri:10, instance:com.haud.qa.exercise.SeleniumTest.Mobile.MWHaudHeaderNavigationTest@5db250b4]" started-at="2021-05-31T16:13:33 IST" name="test_SmartEnabledLink" finished-at="2021-05-31T16:13:36 IST" duration-ms="3147" status="PASS">
          <reporter-output>
          </reporter-output>
        </test-method> <!-- test_SmartEnabledLink -->
        <test-method is-config="true" signature="teardown()[pri:0, instance:com.haud.qa.exercise.SeleniumTest.Mobile.MWHaudHeaderNavigationTest@5db250b4]" started-at="2021-05-31T16:13:36 IST" name="teardown" finished-at="2021-05-31T16:13:36 IST" duration-ms="127" status="PASS">
          <reporter-output>
          </reporter-output>
        </test-method> <!-- teardown -->
        <test-method is-config="true" signature="setup()[pri:0, instance:com.haud.qa.exercise.SeleniumTest.Mobile.MWHaudHeaderNavigationTest@5db250b4]" started-at="2021-05-31T16:13:36 IST" name="setup" finished-at="2021-05-31T16:13:42 IST" duration-ms="5637" status="PASS">
          <reporter-output>
          </reporter-output>
        </test-method> <!-- setup -->
        <test-method signature="test_SmartNvisionLink()[pri:11, instance:com.haud.qa.exercise.SeleniumTest.Mobile.MWHaudHeaderNavigationTest@5db250b4]" started-at="2021-05-31T16:13:42 IST" name="test_SmartNvisionLink" finished-at="2021-05-31T16:13:45 IST" duration-ms="2821" status="PASS">
          <reporter-output>
          </reporter-output>
        </test-method> <!-- test_SmartNvisionLink -->
        <test-method is-config="true" signature="teardown()[pri:0, instance:com.haud.qa.exercise.SeleniumTest.Mobile.MWHaudHeaderNavigationTest@5db250b4]" started-at="2021-05-31T16:13:45 IST" name="teardown" finished-at="2021-05-31T16:13:45 IST" duration-ms="131" status="PASS">
          <reporter-output>
          </reporter-output>
        </test-method> <!-- teardown -->
        <test-method is-config="true" signature="setup()[pri:0, instance:com.haud.qa.exercise.SeleniumTest.Mobile.MWHaudHeaderNavigationTest@5db250b4]" started-at="2021-05-31T16:13:45 IST" name="setup" finished-at="2021-05-31T16:13:48 IST" duration-ms="2875" status="PASS">
          <reporter-output>
          </reporter-output>
        </test-method> <!-- setup -->
        <test-method signature="test_SmartBidLink()[pri:12, instance:com.haud.qa.exercise.SeleniumTest.Mobile.MWHaudHeaderNavigationTest@5db250b4]" started-at="2021-05-31T16:13:48 IST" name="test_SmartBidLink" finished-at="2021-05-31T16:13:52 IST" duration-ms="4178" status="PASS">
          <reporter-output>
          </reporter-output>
        </test-method> <!-- test_SmartBidLink -->
        <test-method is-config="true" signature="teardown()[pri:0, instance:com.haud.qa.exercise.SeleniumTest.Mobile.MWHaudHeaderNavigationTest@5db250b4]" started-at="2021-05-31T16:13:52 IST" name="teardown" finished-at="2021-05-31T16:13:52 IST" duration-ms="128" status="PASS">
          <reporter-output>
          </reporter-output>
        </test-method> <!-- teardown -->
        <test-method is-config="true" signature="setup()[pri:0, instance:com.haud.qa.exercise.SeleniumTest.Mobile.MWHaudHeaderNavigationTest@5db250b4]" started-at="2021-05-31T16:13:52 IST" name="setup" finished-at="2021-05-31T16:13:58 IST" duration-ms="6226" status="PASS">
          <reporter-output>
          </reporter-output>
        </test-method> <!-- setup -->
        <test-method signature="test_AboutHaudLink()[pri:13, instance:com.haud.qa.exercise.SeleniumTest.Mobile.MWHaudHeaderNavigationTest@5db250b4]" started-at="2021-05-31T16:13:58 IST" name="test_AboutHaudLink" finished-at="2021-05-31T16:14:01 IST" duration-ms="2949" status="PASS">
          <reporter-output>
          </reporter-output>
        </test-method> <!-- test_AboutHaudLink -->
        <test-method is-config="true" signature="teardown()[pri:0, instance:com.haud.qa.exercise.SeleniumTest.Mobile.MWHaudHeaderNavigationTest@5db250b4]" started-at="2021-05-31T16:14:01 IST" name="teardown" finished-at="2021-05-31T16:14:01 IST" duration-ms="119" status="PASS">
          <reporter-output>
          </reporter-output>
        </test-method> <!-- teardown -->
        <test-method is-config="true" signature="setup()[pri:0, instance:com.haud.qa.exercise.SeleniumTest.Mobile.MWHaudHeaderNavigationTest@5db250b4]" started-at="2021-05-31T16:14:01 IST" name="setup" finished-at="2021-05-31T16:14:07 IST" duration-ms="6047" status="PASS">
          <reporter-output>
          </reporter-output>
        </test-method> <!-- setup -->
        <test-method signature="test_CompanyLink()[pri:14, instance:com.haud.qa.exercise.SeleniumTest.Mobile.MWHaudHeaderNavigationTest@5db250b4]" started-at="2021-05-31T16:14:07 IST" name="test_CompanyLink" finished-at="2021-05-31T16:14:10 IST" duration-ms="2630" status="PASS">
          <reporter-output>
          </reporter-output>
        </test-method> <!-- test_CompanyLink -->
        <test-method is-config="true" signature="teardown()[pri:0, instance:com.haud.qa.exercise.SeleniumTest.Mobile.MWHaudHeaderNavigationTest@5db250b4]" started-at="2021-05-31T16:14:10 IST" name="teardown" finished-at="2021-05-31T16:14:10 IST" duration-ms="135" status="PASS">
          <reporter-output>
          </reporter-output>
        </test-method> <!-- teardown -->
        <test-method is-config="true" signature="setup()[pri:0, instance:com.haud.qa.exercise.SeleniumTest.Mobile.MWHaudHeaderNavigationTest@5db250b4]" started-at="2021-05-31T16:14:10 IST" name="setup" finished-at="2021-05-31T16:14:16 IST" duration-ms="5623" status="PASS">
          <reporter-output>
          </reporter-output>
        </test-method> <!-- setup -->
        <test-method signature="test_MeetTeamLink()[pri:15, instance:com.haud.qa.exercise.SeleniumTest.Mobile.MWHaudHeaderNavigationTest@5db250b4]" started-at="2021-05-31T16:14:16 IST" name="test_MeetTeamLink" finished-at="2021-05-31T16:14:18 IST" duration-ms="2808" status="PASS">
          <reporter-output>
          </reporter-output>
        </test-method> <!-- test_MeetTeamLink -->
        <test-method is-config="true" signature="teardown()[pri:0, instance:com.haud.qa.exercise.SeleniumTest.Mobile.MWHaudHeaderNavigationTest@5db250b4]" started-at="2021-05-31T16:14:18 IST" name="teardown" finished-at="2021-05-31T16:14:19 IST" duration-ms="128" status="PASS">
          <reporter-output>
          </reporter-output>
        </test-method> <!-- teardown -->
        <test-method is-config="true" signature="setup()[pri:0, instance:com.haud.qa.exercise.SeleniumTest.Mobile.MWHaudHeaderNavigationTest@5db250b4]" started-at="2021-05-31T16:14:19 IST" name="setup" finished-at="2021-05-31T16:14:22 IST" duration-ms="3337" status="PASS">
          <reporter-output>
          </reporter-output>
        </test-method> <!-- setup -->
        <test-method signature="test_CareersLink()[pri:16, instance:com.haud.qa.exercise.SeleniumTest.Mobile.MWHaudHeaderNavigationTest@5db250b4]" started-at="2021-05-31T16:14:22 IST" name="test_CareersLink" finished-at="2021-05-31T16:14:25 IST" duration-ms="2722" status="PASS">
          <reporter-output>
          </reporter-output>
        </test-method> <!-- test_CareersLink -->
        <test-method is-config="true" signature="teardown()[pri:0, instance:com.haud.qa.exercise.SeleniumTest.Mobile.MWHaudHeaderNavigationTest@5db250b4]" started-at="2021-05-31T16:14:25 IST" name="teardown" finished-at="2021-05-31T16:14:25 IST" duration-ms="137" status="PASS">
          <reporter-output>
          </reporter-output>
        </test-method> <!-- teardown -->
      </class> <!-- com.haud.qa.exercise.SeleniumTest.Mobile.MWHaudHeaderNavigationTest -->
    </test> <!-- Mobile -->
  </suite> <!-- Haud -->
</testng-results>
